<?xml version="1.0" encoding="UTF-8"?>
<!-- Generated by org.testng.reporters.JUnitXMLReporter -->
<testsuite ignored="0" hostname="LTIN604559" failures="0" tests="7" name="Test" time="78.284" errors="0" timestamp="2025-08-01T12:25:01 IST">
  <testcase classname="com.tests.HomePageTest" name="searchHospitals" time="8.997"/>
  <testcase classname="com.tests.HomePageTest" name="filterHospitals" time="27.301"/>
  <testcase classname="com.tests.DiagnosticsPageTest" name="navigateToLabTests" time="2.172"/>
  <testcase classname="com.tests.DiagnosticsPageTest" name="getTopCities" time="0.242"/>
  <testcase classname="com.tests.CorporateWellnessPageTest" name="goToCorporateWellness" time="4.184"/>
  <testcase classname="com.tests.CorporateWellnessPageTest" name="readInputDataFromExcel" time="1.02"/>
  <testcase classname="com.tests.CorporateWellnessPageTest" name="printErrorMessages" time="0.205"/>
</testsuite> <!-- Test -->
