<?xml version="1.0" encoding="UTF-8"?>
<!-- Generated by org.testng.reporters.JUnitXMLReporter -->
<testsuite ignored="0" hostname="LTIN604559" failures="0" tests="7" name="Test" time="106.774" errors="0" timestamp="2025-07-29T14:50:53 IST">
  <testcase classname="com.tests.HomePageTest" name="searchHospitals" time="10.532"/>
  <testcase classname="com.tests.HomePageTest" name="filterHospitals" time="21.146"/>
  <testcase classname="com.tests.DiagnosticsPageTest" name="navigateToLabTests" time="3.138"/>
  <testcase classname="com.tests.DiagnosticsPageTest" name="getTopCities" time="0.194"/>
  <testcase classname="com.tests.CorporateWellnessPageTest" name="goToCorporateWellness" time="13.627"/>
  <testcase classname="com.tests.CorporateWellnessPageTest" name="readInputDataFromExcel" time="0.686"/>
  <testcase classname="com.tests.CorporateWellnessPageTest" name="printErrorMessages" time="0.184"/>
</testsuite> <!-- Test -->
