<?xml version="1.0" encoding="UTF-8"?>
<testng-results ignored="0" total="7" passed="7" failed="0" skipped="0">
  <reporter-output>
  </reporter-output>
  <suite started-at="2025-07-29T14:49:06 IST" name="Suite" finished-at="2025-07-29T14:50:53 IST" duration-ms="106774">
    <groups>
    </groups>
    <test started-at="2025-07-29T14:49:06 IST" name="Test" finished-at="2025-07-29T14:50:53 IST" duration-ms="106774">
      <class name="com.tests.CorporateWellnessPageTest">
        <test-method is-config="true" signature="setup(java.lang.String)[pri:0, instance:com.tests.CorporateWellnessPageTest@6989da5e]" started-at="2025-07-29T14:50:19 IST" name="setup" finished-at="2025-07-29T14:50:32 IST" duration-ms="12514" status="PASS">
          <params>
            <param index="0">
              <value>
                <![CDATA[chrome]]>
              </value>
            </param>
          </params>
          <reporter-output>
          </reporter-output>
        </test-method> <!-- setup -->
        <test-method signature="goToCorporateWellness()[pri:0, instance:com.tests.CorporateWellnessPageTest@6989da5e]" started-at="2025-07-29T14:50:32 IST" name="goToCorporateWellness" finished-at="2025-07-29T14:50:45 IST" duration-ms="13627" status="PASS">
          <reporter-output>
          </reporter-output>
        </test-method> <!-- goToCorporateWellness -->
        <test-method signature="readInputDataFromExcel()[pri:1, instance:com.tests.CorporateWellnessPageTest@6989da5e]" started-at="2025-07-29T14:50:45 IST" name="readInputDataFromExcel" finished-at="2025-07-29T14:50:46 IST" duration-ms="686" status="PASS">
          <reporter-output>
          </reporter-output>
        </test-method> <!-- readInputDataFromExcel -->
        <test-method signature="printErrorMessages()[pri:2, instance:com.tests.CorporateWellnessPageTest@6989da5e]" started-at="2025-07-29T14:50:46 IST" name="printErrorMessages" finished-at="2025-07-29T14:50:46 IST" duration-ms="184" status="PASS">
          <reporter-output>
          </reporter-output>
        </test-method> <!-- printErrorMessages -->
        <test-method is-config="true" signature="tearDown()[pri:0, instance:com.tests.CorporateWellnessPageTest@6989da5e]" started-at="2025-07-29T14:50:46 IST" name="tearDown" finished-at="2025-07-29T14:50:53 IST" duration-ms="6460" status="PASS">
          <reporter-output>
          </reporter-output>
        </test-method> <!-- tearDown -->
      </class> <!-- com.tests.CorporateWellnessPageTest -->
      <class name="com.tests.HomePageTest">
        <test-method is-config="true" signature="setup(java.lang.String)[pri:0, instance:com.tests.HomePageTest@dd05255]" started-at="2025-07-29T14:49:06 IST" name="setup" finished-at="2025-07-29T14:49:24 IST" duration-ms="17532" status="PASS">
          <params>
            <param index="0">
              <value>
                <![CDATA[chrome]]>
              </value>
            </param>
          </params>
          <reporter-output>
          </reporter-output>
        </test-method> <!-- setup -->
        <test-method signature="searchHospitals(java.lang.String)[pri:1, instance:com.tests.HomePageTest@dd05255]" started-at="2025-07-29T14:49:24 IST" name="searchHospitals" finished-at="2025-07-29T14:49:34 IST" duration-ms="10532" status="PASS">
          <params>
            <param index="0">
              <value>
                <![CDATA[Bangalore]]>
              </value>
            </param>
          </params>
          <reporter-output>
          </reporter-output>
        </test-method> <!-- searchHospitals -->
        <test-method signature="filterHospitals()[pri:2, instance:com.tests.HomePageTest@dd05255]" started-at="2025-07-29T14:49:34 IST" name="filterHospitals" finished-at="2025-07-29T14:49:55 IST" duration-ms="21146" status="PASS">
          <reporter-output>
          </reporter-output>
        </test-method> <!-- filterHospitals -->
        <test-method is-config="true" signature="tearDown()[pri:0, instance:com.tests.HomePageTest@dd05255]" started-at="2025-07-29T14:49:55 IST" name="tearDown" finished-at="2025-07-29T14:50:03 IST" duration-ms="7991" status="PASS">
          <reporter-output>
          </reporter-output>
        </test-method> <!-- tearDown -->
      </class> <!-- com.tests.HomePageTest -->
      <class name="com.tests.DiagnosticsPageTest">
        <test-method is-config="true" signature="setup(java.lang.String)[pri:0, instance:com.tests.DiagnosticsPageTest@5aa9e4eb]" started-at="2025-07-29T14:50:03 IST" name="setup" finished-at="2025-07-29T14:50:13 IST" duration-ms="10064" status="PASS">
          <params>
            <param index="0">
              <value>
                <![CDATA[chrome]]>
              </value>
            </param>
          </params>
          <reporter-output>
          </reporter-output>
        </test-method> <!-- setup -->
        <test-method signature="navigateToLabTests()[pri:0, instance:com.tests.DiagnosticsPageTest@5aa9e4eb]" started-at="2025-07-29T14:50:13 IST" name="navigateToLabTests" finished-at="2025-07-29T14:50:16 IST" duration-ms="3138" status="PASS">
          <reporter-output>
          </reporter-output>
        </test-method> <!-- navigateToLabTests -->
        <test-method signature="getTopCities()[pri:1, instance:com.tests.DiagnosticsPageTest@5aa9e4eb]" started-at="2025-07-29T14:50:16 IST" name="getTopCities" finished-at="2025-07-29T14:50:17 IST" duration-ms="194" status="PASS">
          <reporter-output>
          </reporter-output>
        </test-method> <!-- getTopCities -->
        <test-method is-config="true" signature="tearDown()[pri:0, instance:com.tests.DiagnosticsPageTest@5aa9e4eb]" started-at="2025-07-29T14:50:17 IST" name="tearDown" finished-at="2025-07-29T14:50:19 IST" duration-ms="2662" status="PASS">
          <reporter-output>
          </reporter-output>
        </test-method> <!-- tearDown -->
      </class> <!-- com.tests.DiagnosticsPageTest -->
    </test> <!-- Test -->
  </suite> <!-- Suite -->
</testng-results>
