<?xml version="1.0" encoding="UTF-8"?>
<testng-results ignored="0" total="7" passed="7" failed="0" skipped="0">
  <reporter-output>
  </reporter-output>
  <suite started-at="2025-08-01T12:23:43 IST" name="Suite" finished-at="2025-08-01T12:25:01 IST" duration-ms="78284">
    <groups>
    </groups>
    <test started-at="2025-08-01T12:23:43 IST" name="Test" finished-at="2025-08-01T12:25:01 IST" duration-ms="78284">
      <class name="com.tests.CorporateWellnessPageTest">
        <test-method is-config="true" signature="setup(java.lang.String)[pri:0, instance:com.tests.CorporateWellnessPageTest@6989da5e]" started-at="2025-08-01T12:24:43 IST" name="setup" finished-at="2025-08-01T12:24:51 IST" duration-ms="7847" status="PASS">
          <params>
            <param index="0">
              <value>
                <![CDATA[chrome]]>
              </value>
            </param>
          </params>
          <reporter-output>
          </reporter-output>
        </test-method> <!-- setup -->
        <test-method signature="goToCorporateWellness()[pri:0, instance:com.tests.CorporateWellnessPageTest@6989da5e]" started-at="2025-08-01T12:24:51 IST" name="goToCorporateWellness" finished-at="2025-08-01T12:24:55 IST" duration-ms="4184" status="PASS">
          <reporter-output>
          </reporter-output>
        </test-method> <!-- goToCorporateWellness -->
        <test-method signature="readInputDataFromExcel()[pri:1, instance:com.tests.CorporateWellnessPageTest@6989da5e]" started-at="2025-08-01T12:24:55 IST" name="readInputDataFromExcel" finished-at="2025-08-01T12:24:56 IST" duration-ms="1020" status="PASS">
          <reporter-output>
          </reporter-output>
        </test-method> <!-- readInputDataFromExcel -->
        <test-method signature="printErrorMessages()[pri:2, instance:com.tests.CorporateWellnessPageTest@6989da5e]" started-at="2025-08-01T12:24:56 IST" name="printErrorMessages" finished-at="2025-08-01T12:24:57 IST" duration-ms="205" status="PASS">
          <reporter-output>
          </reporter-output>
        </test-method> <!-- printErrorMessages -->
        <test-method is-config="true" signature="tearDown()[pri:0, instance:com.tests.CorporateWellnessPageTest@6989da5e]" started-at="2025-08-01T12:24:57 IST" name="tearDown" finished-at="2025-08-01T12:25:01 IST" duration-ms="4780" status="PASS">
          <reporter-output>
          </reporter-output>
        </test-method> <!-- tearDown -->
      </class> <!-- com.tests.CorporateWellnessPageTest -->
      <class name="com.tests.HomePageTest">
        <test-method is-config="true" signature="setup(java.lang.String)[pri:0, instance:com.tests.HomePageTest@dd05255]" started-at="2025-08-01T12:23:43 IST" name="setup" finished-at="2025-08-01T12:23:52 IST" duration-ms="8398" status="PASS">
          <params>
            <param index="0">
              <value>
                <![CDATA[chrome]]>
              </value>
            </param>
          </params>
          <reporter-output>
          </reporter-output>
        </test-method> <!-- setup -->
        <test-method signature="searchHospitals(java.lang.String)[pri:1, instance:com.tests.HomePageTest@dd05255]" started-at="2025-08-01T12:23:52 IST" name="searchHospitals" finished-at="2025-08-01T12:24:01 IST" duration-ms="8997" status="PASS">
          <params>
            <param index="0">
              <value>
                <![CDATA[Bangalore]]>
              </value>
            </param>
          </params>
          <reporter-output>
          </reporter-output>
        </test-method> <!-- searchHospitals -->
        <test-method signature="filterHospitals()[pri:2, instance:com.tests.HomePageTest@dd05255]" started-at="2025-08-01T12:24:01 IST" name="filterHospitals" finished-at="2025-08-01T12:24:28 IST" duration-ms="27301" status="PASS">
          <reporter-output>
          </reporter-output>
        </test-method> <!-- filterHospitals -->
        <test-method is-config="true" signature="tearDown()[pri:0, instance:com.tests.HomePageTest@dd05255]" started-at="2025-08-01T12:24:28 IST" name="tearDown" finished-at="2025-08-01T12:24:31 IST" duration-ms="3179" status="PASS">
          <reporter-output>
          </reporter-output>
        </test-method> <!-- tearDown -->
      </class> <!-- com.tests.HomePageTest -->
      <class name="com.tests.DiagnosticsPageTest">
        <test-method is-config="true" signature="setup(java.lang.String)[pri:0, instance:com.tests.DiagnosticsPageTest@5aa9e4eb]" started-at="2025-08-01T12:24:31 IST" name="setup" finished-at="2025-08-01T12:24:39 IST" duration-ms="7546" status="PASS">
          <params>
            <param index="0">
              <value>
                <![CDATA[chrome]]>
              </value>
            </param>
          </params>
          <reporter-output>
          </reporter-output>
        </test-method> <!-- setup -->
        <test-method signature="navigateToLabTests()[pri:0, instance:com.tests.DiagnosticsPageTest@5aa9e4eb]" started-at="2025-08-01T12:24:39 IST" name="navigateToLabTests" finished-at="2025-08-01T12:24:41 IST" duration-ms="2172" status="PASS">
          <reporter-output>
          </reporter-output>
        </test-method> <!-- navigateToLabTests -->
        <test-method signature="getTopCities()[pri:1, instance:com.tests.DiagnosticsPageTest@5aa9e4eb]" started-at="2025-08-01T12:24:41 IST" name="getTopCities" finished-at="2025-08-01T12:24:41 IST" duration-ms="242" status="PASS">
          <reporter-output>
          </reporter-output>
        </test-method> <!-- getTopCities -->
        <test-method is-config="true" signature="tearDown()[pri:0, instance:com.tests.DiagnosticsPageTest@5aa9e4eb]" started-at="2025-08-01T12:24:41 IST" name="tearDown" finished-at="2025-08-01T12:24:43 IST" duration-ms="2356" status="PASS">
          <reporter-output>
          </reporter-output>
        </test-method> <!-- tearDown -->
      </class> <!-- com.tests.DiagnosticsPageTest -->
    </test> <!-- Test -->
  </suite> <!-- Suite -->
</testng-results>
